<?xml version="1.0" encoding="UTF-8"?>
<robot generator="Robot 3.1.2 (Python 3.7.4 on win32)" generated="20190801 13:57:59.574" rpa="false">
<suite id="s1" name="TC 001 Ebay" source="C:\Users\C60134A\PycharmProjects\bugs\Tests\TC_001_Ebay.robot">
<test id="s1-t1" name="Ebay Test0">
<kw name="Open Browser" library="SeleniumLibrary">
<doc>Opens a new browser instance to the given ``url``.</doc>
<arguments>
<arg>https://www.ebay.com/</arg>
<arg>${Browser}</arg>
</arguments>
<msg timestamp="20190801 13:57:59.848" level="INFO">Opening browser 'Chrome' to base url 'https://www.ebay.com/'.</msg>
<status status="PASS" starttime="20190801 13:57:59.848" endtime="20190801 13:58:02.539"></status>
</kw>
<kw name="Click Link" library="SeleniumLibrary">
<doc>Clicks a link identified by ``locator``.</doc>
<arguments>
<arg>//a[@href="https://www.ebay.com/b/Auto-Parts-and-Vehicles/6000/bn_1865334"]</arg>
</arguments>
<msg timestamp="20190801 13:58:02.540" level="INFO">Clicking link '//a[@href="https://www.ebay.com/b/Auto-Parts-and-Vehicles/6000/bn_1865334"]'.</msg>
<status status="PASS" starttime="20190801 13:58:02.540" endtime="20190801 13:58:04.345"></status>
</kw>
<kw name="Click Link" library="SeleniumLibrary">
<doc>Clicks a link identified by ``locator``.</doc>
<arguments>
<arg>xpath=(//a[@href="https://www.ebay.com/b/Car-Truck-Parts/6030/bn_562630"])[2]</arg>
</arguments>
<msg timestamp="20190801 13:58:04.346" level="INFO">Clicking link 'xpath=(//a[@href="https://www.ebay.com/b/Car-Truck-Parts/6030/bn_562630"])[2]'.</msg>
<status status="PASS" starttime="20190801 13:58:04.346" endtime="20190801 13:58:05.624"></status>
</kw>
<kw name="Click Element" library="SeleniumLibrary">
<doc>Click element identified by ``locator``.</doc>
<arguments>
<arg>//div[@class="b-visualnav__title"]</arg>
</arguments>
<msg timestamp="20190801 13:58:05.625" level="INFO">Clicking element '//div[@class="b-visualnav__title"]'.</msg>
<status status="PASS" starttime="20190801 13:58:05.625" endtime="20190801 13:58:05.693"></status>
</kw>
<kw name="Click Element" library="SeleniumLibrary">
<doc>Click element identified by ``locator``.</doc>
<arguments>
<arg>//div[@class="b-visualnav__title"]</arg>
</arguments>
<msg timestamp="20190801 13:58:05.693" level="INFO">Clicking element '//div[@class="b-visualnav__title"]'.</msg>
<status status="PASS" starttime="20190801 13:58:05.693" endtime="20190801 13:58:08.570"></status>
</kw>
<kw name="Click Element" library="SeleniumLibrary">
<doc>Click element identified by ``locator``.</doc>
<arguments>
<arg>//img[@id="gh-logo"]</arg>
</arguments>
<msg timestamp="20190801 13:58:08.570" level="INFO">Clicking element '//img[@id="gh-logo"]'.</msg>
<kw name="Capture Page Screenshot" library="SeleniumLibrary">
<doc>Takes screenshot of the current page and embeds it into log file.</doc>
<msg timestamp="20190801 13:58:09.000" level="INFO" html="yes">&lt;/td&gt;&lt;/tr&gt;&lt;tr&gt;&lt;td colspan="3"&gt;&lt;a href="selenium-screenshot-15.png"&gt;&lt;img src="selenium-screenshot-15.png" width="800px"&gt;&lt;/a&gt;</msg>
<status status="PASS" starttime="20190801 13:58:08.622" endtime="20190801 13:58:09.000"></status>
</kw>
<msg timestamp="20190801 13:58:09.005" level="FAIL">WebDriverException: Message: unknown error: Element &lt;img role="presentation" width="250" height="200" style="clip:rect(47px, 118px, 95px, 0px); position:absolute; top:-47px;left:0" alt="eBay Logo" src="https://ir.ebaystatic.com/rs/v/fxxj3ttftm5ltcqnto1o4baovyl.png" id="gh-logo"&gt; is not clickable at point (75, 60). Other element would receive the click: &lt;a href="https://www.ebay.com/" _sp="m570.l2586" id="gh-la"&gt;...&lt;/a&gt;
  (Session info: chrome=75.0.3770.142)
  (Driver info: chromedriver=2.46.628402 (536cd7adbad73a3783fdc2cab92ab2ba7ec361e1),platform=Windows NT 10.0.16299 x86_64)
</msg>
<status status="FAIL" starttime="20190801 13:58:08.570" endtime="20190801 13:58:09.005"></status>
</kw>
<status status="FAIL" starttime="20190801 13:57:59.847" endtime="20190801 13:58:09.005" critical="yes">WebDriverException: Message: unknown error: Element &lt;img role="presentation" width="250" height="200" style="clip:rect(47px, 118px, 95px, 0px); position:absolute; top:-47px;left:0" alt="eBay Logo" src="https://ir.ebaystatic.com/rs/v/fxxj3ttftm5ltcqnto1o4baovyl.png" id="gh-logo"&gt; is not clickable at point (75, 60). Other element would receive the click: &lt;a href="https://www.ebay.com/" _sp="m570.l2586" id="gh-la"&gt;...&lt;/a&gt;
  (Session info: chrome=75.0.3770.142)
  (Driver info: chromedriver=2.46.628402 (536cd7adbad73a3783fdc2cab92ab2ba7ec361e1),platform=Windows NT 10.0.16299 x86_64)
</status>
</test>
<doc>Ebay Test</doc>
<status status="FAIL" starttime="20190801 13:57:59.578" endtime="20190801 13:58:09.006"></status>
</suite>
<statistics>
<total>
<stat pass="0" fail="1">Critical Tests</stat>
<stat pass="0" fail="1">All Tests</stat>
</total>
<tag>
</tag>
<suite>
<stat pass="0" fail="1" id="s1" name="TC 001 Ebay">TC 001 Ebay</stat>
</suite>
</statistics>
<errors>
</errors>
</robot>
